INFO:root:Start downloading non-youtube videos.
INFO:root:gloss: book, video: 69241
INFO:root:Requesting http://aslbricks.org/New/ASL-Videos/book.mp4
INFO:root:gloss: book, video: 65225
INFO:root:Requesting https://aslsignbank.haskins.yale.edu/dictionary/protected_media/glossvideo/ASL/BO/BOOK-418.mp4
ERROR:root:Error downloading 65225: <urlopen error [SSL: CERTIFICATE_VERIFY_FAILED] certificate verify failed: Hostname mismatch, certificate is not valid for 'aslsignbank.haskins.yale.edu'. (_ssl.c:1007)>
INFO:root:gloss: book, video: 68011
WARNING:root:Skipping YouTube video 68011
INFO:root:gloss: book, video: 68208
WARNING:root:Skipping YouTube video 68208
INFO:root:gloss: book, video: 68012
WARNING:root:Skipping YouTube video 68012
INFO:root:gloss: book, video: 70212
WARNING:root:Skipping YouTube video 70212
INFO:root:gloss: book, video: 70266
WARNING:root:Skipping YouTube video 70266
INFO:root:gloss: book, video: 07085
INFO:root:Requesting http://www.aslpro.com/main/b/book_english_grammar.swf
ERROR:root:Error downloading 07085: [WinError 10054] An existing connection was forcibly closed by the remote host
INFO:root:gloss: book, video: 07086
INFO:root:Requesting http://www.aslpro.com/main/b/book_geography.swf
ERROR:root:Error downloading 07086: [WinError 10054] An existing connection was forcibly closed by the remote host
INFO:root:gloss: book, video: 07087
INFO:root:Requesting http://www.aslpro.com/main/b/book_geometry.swf
ERROR:root:Error downloading 07087: [WinError 10054] An existing connection was forcibly closed by the remote host
INFO:root:gloss: book, video: 07069
INFO:root:Requesting https://signstock.blob.core.windows.net/signschool/videos/SignSchool%20Book.mp4
INFO:root:gloss: book, video: 07088
INFO:root:Requesting http://www.aslpro.com/main/b/book_history.swf
ERROR:root:Error downloading 07088: [WinError 10054] An existing connection was forcibly closed by the remote host
INFO:root:gloss: book, video: 07089
INFO:root:Requesting http://www.aslpro.com/main/b/book_law.swf
ERROR:root:Error downloading 07089: [WinError 10054] An existing connection was forcibly closed by the remote host
INFO:root:gloss: book, video: 07090
INFO:root:Requesting http://www.aslpro.com/main/b/book_literature.swf
ERROR:root:Error downloading 07090: [WinError 10054] An existing connection was forcibly closed by the remote host
INFO:root:gloss: book, video: 07091
INFO:root:Requesting http://www.aslpro.com/main/b/book_math.swf
ERROR:root:Error downloading 07091: [WinError 10054] An existing connection was forcibly closed by the remote host
INFO:root:gloss: book, video: 07092
INFO:root:Requesting http://www.aslpro.com/main/b/book_medicine.swf
ERROR:root:Error downloading 07092: [WinError 10054] An existing connection was forcibly closed by the remote host
INFO:root:gloss: book, video: 07093
INFO:root:Requesting http://www.aslpro.com/main/b/book_music.swf
ERROR:root:Error downloading 07093: [WinError 10054] An existing connection was forcibly closed by the remote host
INFO:root:gloss: book, video: 07068
INFO:root:Requesting https://s3-us-west-1.amazonaws.com/files.startasl.com/asldictionary/book.mp4
INFO:root:gloss: book, video: 07094
INFO:root:Requesting http://www.aslpro.com/main/b/book_photography.swf
ERROR:root:Error downloading 07094: [WinError 10054] An existing connection was forcibly closed by the remote host
INFO:root:gloss: book, video: 07095
INFO:root:Requesting http://www.aslpro.com/main/b/book_science.swf
ERROR:root:Error downloading 07095: [WinError 10054] An existing connection was forcibly closed by the remote host
INFO:root:gloss: book, video: 07096
INFO:root:Requesting http://www.aslpro.com/main/b/book_spelling.swf
ERROR:root:Error downloading 07096: [WinError 10054] An existing connection was forcibly closed by the remote host
INFO:root:gloss: book, video: 07097
INFO:root:Requesting http://www.aslpro.com/main/b/book.swf
ERROR:root:Error downloading 07097: [WinError 10054] An existing connection was forcibly closed by the remote host
INFO:root:gloss: book, video: 07070
INFO:root:Requesting https://media.asldeafined.com/vocabulary/1466684225.687.mp4
INFO:root:gloss: book, video: 07098
INFO:root:Requesting http://www.aslpro.com/main/b/book_trigonometry.swf
ERROR:root:Error downloading 07098: [WinError 10054] An existing connection was forcibly closed by the remote host
INFO:root:gloss: book, video: 07099
INFO:root:Requesting http://www.aslsearch.com/signs/videos/book.mp4
ERROR:root:Error downloading 07099: <urlopen error [Errno 11001] getaddrinfo failed>
INFO:root:gloss: book, video: 07071
INFO:root:Requesting https://www.handspeak.com/word/b/book2.mp4
ERROR:root:Error downloading 07071: <urlopen error [Errno 11001] getaddrinfo failed>
INFO:root:gloss: book, video: 07072
INFO:root:Requesting https://www.handspeak.com/word/b/book.mp4
ERROR:root:Error downloading 07072: <urlopen error [Errno 11001] getaddrinfo failed>
INFO:root:gloss: book, video: 07073
INFO:root:Requesting https://www.handspeak.com/word/b/books-pile.mp4
ERROR:root:Error downloading 07073: <urlopen error [Errno 11001] getaddrinfo failed>
INFO:root:gloss: book, video: 67424
WARNING:root:Skipping YouTube video 67424
INFO:root:gloss: book, video: 07074
INFO:root:Requesting https://www.signingsavvy.com/signs/mp4/14/14326.mp4
INFO:root:gloss: book, video: 07075
WARNING:root:Skipping YouTube video 07075
INFO:root:gloss: book, video: 07076
WARNING:root:Skipping YouTube video 07076
INFO:root:gloss: book, video: 07077
INFO:root:Requesting http://www.aslpro.com/main/b/book_accounting.swf
ERROR:root:Error downloading 07077: [WinError 10054] An existing connection was forcibly closed by the remote host
INFO:root:gloss: book, video: 07078
INFO:root:Requesting http://www.aslpro.com/main/b/book_algebra.swf
ERROR:root:Error downloading 07078: [WinError 10054] An existing connection was forcibly closed by the remote host
INFO:root:gloss: book, video: 07079
INFO:root:Requesting http://www.aslpro.com/main/b/book_anatomy.swf
ERROR:root:Error downloading 07079: [WinError 10054] An existing connection was forcibly closed by the remote host
INFO:root:gloss: book, video: 07080
INFO:root:Requesting http://www.aslpro.com/main/b/book_art_history.swf
ERROR:root:Error downloading 07080: [WinError 10054] An existing connection was forcibly closed by the remote host
INFO:root:gloss: book, video: 07081
INFO:root:Requesting http://www.aslpro.com/main/b/book_art.swf
ERROR:root:Error downloading 07081: [WinError 10054] An existing connection was forcibly closed by the remote host
INFO:root:gloss: book, video: 07082
INFO:root:Requesting http://www.aslpro.com/main/b/book_business.swf
ERROR:root:Error downloading 07082: [WinError 10054] An existing connection was forcibly closed by the remote host
INFO:root:gloss: book, video: 07083
INFO:root:Requesting http://www.aslpro.com/main/b/book_chemistry.swf
ERROR:root:Error downloading 07083: [WinError 10054] An existing connection was forcibly closed by the remote host
INFO:root:gloss: book, video: 07084
INFO:root:Requesting http://www.aslpro.com/main/b/book_coloring.swf
ERROR:root:Error downloading 07084: [WinError 10054] An existing connection was forcibly closed by the remote host
INFO:root:gloss: drink, video: 69302
INFO:root:Requesting http://aslbricks.org/New/ASL-Videos/drink.mp4
INFO:root:gloss: drink, video: 65539
INFO:root:Requesting https://aslsignbank.haskins.yale.edu/dictionary/protected_media/glossvideo/ASL/DR/DRINK-119.mp4
ERROR:root:Error downloading 65539: <urlopen error [SSL: CERTIFICATE_VERIFY_FAILED] certificate verify failed: Hostname mismatch, certificate is not valid for 'aslsignbank.haskins.yale.edu'. (_ssl.c:1007)>
INFO:root:gloss: drink, video: 70173
WARNING:root:Skipping YouTube video 70173
INFO:root:gloss: drink, video: 68538
WARNING:root:Skipping YouTube video 68538
INFO:root:gloss: drink, video: 68042
WARNING:root:Skipping YouTube video 68042
INFO:root:gloss: drink, video: 68660
WARNING:root:Skipping YouTube video 68660
INFO:root:gloss: drink, video: 68041
WARNING:root:Skipping YouTube video 68041
INFO:root:gloss: drink, video: 17725
WARNING:root:Skipping YouTube video 17725
INFO:root:gloss: drink, video: 17726
WARNING:root:Skipping YouTube video 17726
INFO:root:gloss: drink, video: 17727
WARNING:root:Skipping YouTube video 17727
INFO:root:gloss: drink, video: 17728
WARNING:root:Skipping YouTube video 17728
INFO:root:gloss: drink, video: 17710
INFO:root:Requesting https://s3-us-west-1.amazonaws.com/files.startasl.com/asldictionary/drink.mp4
INFO:root:gloss: drink, video: 17729
WARNING:root:Skipping YouTube video 17729
INFO:root:gloss: drink, video: 17730
WARNING:root:Skipping YouTube video 17730
INFO:root:gloss: drink, video: 17731
WARNING:root:Skipping YouTube video 17731
INFO:root:gloss: drink, video: 17732
INFO:root:Requesting http://www.aslpro.com/main/d/drink.swf
ERROR:root:Error downloading 17732: [WinError 10054] An existing connection was forcibly closed by the remote host
INFO:root:gloss: drink, video: 17733
INFO:root:Requesting http://www.aslsearch.com/signs/videos/drink-alcohol.mp4
ERROR:root:Error downloading 17733: <urlopen error [Errno 11001] getaddrinfo failed>
INFO:root:gloss: drink, video: 65540
INFO:root:Requesting https://aslsignbank.haskins.yale.edu/dictionary/protected_media/glossvideo/ASL/DR/DRINK-120.mp4
ERROR:root:Error downloading 65540: <urlopen error [SSL: CERTIFICATE_VERIFY_FAILED] certificate verify failed: Hostname mismatch, certificate is not valid for 'aslsignbank.haskins.yale.edu'. (_ssl.c:1007)>
INFO:root:gloss: drink, video: 17734
INFO:root:Requesting http://www.aslsearch.com/signs/videos/drink.mp4
ERROR:root:Error downloading 17734: <urlopen error [Errno 11001] getaddrinfo failed>
INFO:root:gloss: drink, video: 17711
INFO:root:Requesting https://signstock.blob.core.windows.net/signschool/videos/db_uploads/SignSchool%20Drink%20(correct)-0UzEF7ru0sQ.mp4
INFO:root:gloss: drink, video: 17712
INFO:root:Requesting https://signstock.blob.core.windows.net/signschool/videos/db_uploads/SignSchool%20Drink-L6hHRIQzWBo.mp4
INFO:root:gloss: drink, video: 17713
INFO:root:Requesting https://media.asldeafined.com/vocabulary/1467773819.9825.mp4
INFO:root:gloss: drink, video: 17714
INFO:root:Requesting https://www.handspeak.com/word/d/drink2.mp4
ERROR:root:Error downloading 17714: <urlopen error [Errno 11001] getaddrinfo failed>
INFO:root:gloss: drink, video: 17715
INFO:root:Requesting https://www.handspeak.com/word/d/drink-alcohol.mp4
ERROR:root:Error downloading 17715: <urlopen error [Errno 11001] getaddrinfo failed>
INFO:root:gloss: drink, video: 17716
INFO:root:Requesting https://www.handspeak.com/word/d/drink-british.mp4
