INFO:root:Start downloading non-youtube videos.
INFO:root:gloss: book, video: 69241.
INFO:root:69241 exists at raw_videos\69241.mp4
INFO:root:gloss: book, video: 65225.
INFO:root:Requesting https://aslsignbank.haskins.yale.edu/dictionary/protected_media/glossvideo/ASL/BO/BOOK-418.mp4
ERROR:root:Unsuccessful downloading - video 65225
INFO:root:gloss: book, video: 68011.
WARNING:root:Skipping YouTube video 68011
INFO:root:gloss: book, video: 68208.
WARNING:root:Skipping YouTube video 68208
INFO:root:gloss: book, video: 68012.
WARNING:root:Skipping YouTube video 68012
INFO:root:gloss: book, video: 70212.
WARNING:root:Skipping YouTube video 70212
INFO:root:gloss: book, video: 70266.
WARNING:root:Skipping YouTube video 70266
INFO:root:gloss: book, video: 07085.
INFO:root:Requesting http://www.aslpro.com/main/b/book_english_grammar.swf
ERROR:root:Unsuccessful downloading - video 07085
INFO:root:gloss: book, video: 07086.
INFO:root:Requesting http://www.aslpro.com/main/b/book_geography.swf
ERROR:root:Unsuccessful downloading - video 07086
INFO:root:gloss: book, video: 07087.
INFO:root:Requesting http://www.aslpro.com/main/b/book_geometry.swf
ERROR:root:Unsuccessful downloading - video 07087
INFO:root:gloss: book, video: 07069.
INFO:root:07069 exists at raw_videos\07069.mp4
INFO:root:gloss: book, video: 07088.
INFO:root:Requesting http://www.aslpro.com/main/b/book_history.swf
ERROR:root:Unsuccessful downloading - video 07088
INFO:root:gloss: book, video: 07089.
INFO:root:Requesting http://www.aslpro.com/main/b/book_law.swf
ERROR:root:Unsuccessful downloading - video 07089
INFO:root:gloss: book, video: 07090.
INFO:root:Requesting http://www.aslpro.com/main/b/book_literature.swf
ERROR:root:Unsuccessful downloading - video 07090
INFO:root:gloss: book, video: 07091.
INFO:root:Requesting http://www.aslpro.com/main/b/book_math.swf
ERROR:root:Unsuccessful downloading - video 07091
INFO:root:gloss: book, video: 07092.
INFO:root:Requesting http://www.aslpro.com/main/b/book_medicine.swf
ERROR:root:Unsuccessful downloading - video 07092
INFO:root:gloss: book, video: 07093.
INFO:root:Requesting http://www.aslpro.com/main/b/book_music.swf
ERROR:root:Unsuccessful downloading - video 07093
INFO:root:gloss: book, video: 07068.
INFO:root:07068 exists at raw_videos\07068.mp4
INFO:root:gloss: book, video: 07094.
INFO:root:Requesting http://www.aslpro.com/main/b/book_photography.swf
ERROR:root:Unsuccessful downloading - video 07094
INFO:root:gloss: book, video: 07095.
INFO:root:Requesting http://www.aslpro.com/main/b/book_science.swf
ERROR:root:Unsuccessful downloading - video 07095
INFO:root:gloss: book, video: 07096.
INFO:root:Requesting http://www.aslpro.com/main/b/book_spelling.swf
ERROR:root:Unsuccessful downloading - video 07096
INFO:root:gloss: book, video: 07097.
INFO:root:Requesting http://www.aslpro.com/main/b/book.swf
ERROR:root:Unsuccessful downloading - video 07097
INFO:root:gloss: book, video: 07070.
INFO:root:07070 exists at raw_videos\07070.mp4
INFO:root:gloss: book, video: 07098.
INFO:root:Requesting http://www.aslpro.com/main/b/book_trigonometry.swf
ERROR:root:Unsuccessful downloading - video 07098
INFO:root:gloss: book, video: 07099.
INFO:root:Requesting http://www.aslsearch.com/signs/videos/book.mp4
ERROR:root:Unsuccessful downloading - video 07099
INFO:root:gloss: book, video: 07071.
INFO:root:Requesting https://www.handspeak.com/word/b/book2.mp4
ERROR:root:Unsuccessful downloading - video 07071
INFO:root:gloss: book, video: 07072.
INFO:root:Requesting https://www.handspeak.com/word/b/book.mp4
ERROR:root:Unsuccessful downloading - video 07072
INFO:root:gloss: book, video: 07073.
INFO:root:Requesting https://www.handspeak.com/word/b/books-pile.mp4
ERROR:root:Unsuccessful downloading - video 07073
INFO:root:gloss: book, video: 67424.
WARNING:root:Skipping YouTube video 67424
INFO:root:gloss: book, video: 07074.
INFO:root:07074 exists at raw_videos\07074.mp4
INFO:root:gloss: book, video: 07075.
WARNING:root:Skipping YouTube video 07075
INFO:root:gloss: book, video: 07076.
WARNING:root:Skipping YouTube video 07076
INFO:root:gloss: book, video: 07077.
INFO:root:Requesting http://www.aslpro.com/main/b/book_accounting.swf
ERROR:root:Unsuccessful downloading - video 07077
INFO:root:gloss: book, video: 07078.
INFO:root:Requesting http://www.aslpro.com/main/b/book_algebra.swf
ERROR:root:Unsuccessful downloading - video 07078
INFO:root:gloss: book, video: 07079.
INFO:root:Requesting http://www.aslpro.com/main/b/book_anatomy.swf
ERROR:root:Unsuccessful downloading - video 07079
INFO:root:gloss: book, video: 07080.
INFO:root:Requesting http://www.aslpro.com/main/b/book_art_history.swf
ERROR:root:Unsuccessful downloading - video 07080
INFO:root:gloss: book, video: 07081.
INFO:root:Requesting http://www.aslpro.com/main/b/book_art.swf
ERROR:root:Unsuccessful downloading - video 07081
INFO:root:gloss: book, video: 07082.
INFO:root:Requesting http://www.aslpro.com/main/b/book_business.swf
ERROR:root:Unsuccessful downloading - video 07082
INFO:root:gloss: book, video: 07083.
INFO:root:Requesting http://www.aslpro.com/main/b/book_chemistry.swf
ERROR:root:Unsuccessful downloading - video 07083
INFO:root:gloss: book, video: 07084.
INFO:root:Requesting http://www.aslpro.com/main/b/book_coloring.swf
ERROR:root:Unsuccessful downloading - video 07084
INFO:root:gloss: drink, video: 69302.
INFO:root:69302 exists at raw_videos\69302.mp4
INFO:root:gloss: drink, video: 65539.
INFO:root:Requesting https://aslsignbank.haskins.yale.edu/dictionary/protected_media/glossvideo/ASL/DR/DRINK-119.mp4
ERROR:root:Unsuccessful downloading - video 65539
INFO:root:gloss: drink, video: 70173.
WARNING:root:Skipping YouTube video 70173
INFO:root:gloss: drink, video: 68538.
WARNING:root:Skipping YouTube video 68538
INFO:root:gloss: drink, video: 68042.
WARNING:root:Skipping YouTube video 68042
INFO:root:gloss: drink, video: 68660.
WARNING:root:Skipping YouTube video 68660
INFO:root:gloss: drink, video: 68041.
WARNING:root:Skipping YouTube video 68041
INFO:root:gloss: drink, video: 17725.
WARNING:root:Skipping YouTube video 17725
INFO:root:gloss: drink, video: 17726.
WARNING:root:Skipping YouTube video 17726
INFO:root:gloss: drink, video: 17727.
WARNING:root:Skipping YouTube video 17727
INFO:root:gloss: drink, video: 17728.
WARNING:root:Skipping YouTube video 17728
INFO:root:gloss: drink, video: 17710.
INFO:root:17710 exists at raw_videos\17710.mp4
INFO:root:gloss: drink, video: 17729.
WARNING:root:Skipping YouTube video 17729
INFO:root:gloss: drink, video: 17730.
WARNING:root:Skipping YouTube video 17730
INFO:root:gloss: drink, video: 17731.
WARNING:root:Skipping YouTube video 17731
INFO:root:gloss: drink, video: 17732.
INFO:root:Requesting http://www.aslpro.com/main/d/drink.swf
ERROR:root:Unsuccessful downloading - video 17732
INFO:root:gloss: drink, video: 17733.
INFO:root:Requesting http://www.aslsearch.com/signs/videos/drink-alcohol.mp4
ERROR:root:Unsuccessful downloading - video 17733
INFO:root:gloss: drink, video: 65540.
INFO:root:Requesting https://aslsignbank.haskins.yale.edu/dictionary/protected_media/glossvideo/ASL/DR/DRINK-120.mp4
ERROR:root:Unsuccessful downloading - video 65540
INFO:root:gloss: drink, video: 17734.
INFO:root:Requesting http://www.aslsearch.com/signs/videos/drink.mp4
ERROR:root:Unsuccessful downloading - video 17734
INFO:root:gloss: drink, video: 17711.
INFO:root:17711 exists at raw_videos\17711.mp4
INFO:root:gloss: drink, video: 17712.
INFO:root:17712 exists at raw_videos\17712.mp4
INFO:root:gloss: drink, video: 17713.
INFO:root:17713 exists at raw_videos\17713.mp4
INFO:root:gloss: drink, video: 17714.
INFO:root:Requesting https://www.handspeak.com/word/d/drink2.mp4
ERROR:root:Unsuccessful downloading - video 17714
INFO:root:gloss: drink, video: 17715.
INFO:root:Requesting https://www.handspeak.com/word/d/drink-alcohol.mp4
ERROR:root:Unsuccessful downloading - video 17715
INFO:root:gloss: drink, video: 17716.
INFO:root:Requesting https://www.handspeak.com/word/d/drink-british.mp4
ERROR:root:Unsuccessful downloading - video 17716
INFO:root:gloss: drink, video: 17717.
INFO:root:Requesting https://www.handspeak.com/word/d/drink.mp4
ERROR:root:Unsuccessful downloading - video 17717
INFO:root:gloss: drink, video: 17718.
INFO:root:Requesting https://www.handspeak.com/word/d/drink-mug.mp4
ERROR:root:Unsuccessful downloading - video 17718
INFO:root:gloss: drink, video: 17709.
INFO:root:17709 exists at raw_videos\17709.mp4
INFO:root:gloss: drink, video: 67594.
WARNING:root:Skipping YouTube video 67594
INFO:root:gloss: drink, video: 17719.
INFO:root:Requesting https://www.handspeak.com/word/d/drink-plu.mp4
ERROR:root:Unsuccessful downloading - video 17719
INFO:root:gloss: drink, video: 17720.
INFO:root:17720 exists at raw_videos\17720.mp4
INFO:root:gloss: drink, video: 17721.
INFO:root:17721 exists at raw_videos\17721.mp4
INFO:root:gloss: drink, video: 17722.
INFO:root:17722 exists at raw_videos\17722.mp4
INFO:root:gloss: drink, video: 17723.
INFO:root:17723 exists at raw_videos\17723.mp4
INFO:root:gloss: drink, video: 17724.
INFO:root:17724 exists at raw_videos\17724.mp4
INFO:root:gloss: computer, video: 12306.
WARNING:root:Skipping YouTube video 12306
INFO:root:gloss: computer, video: 68028.
WARNING:root:Skipping YouTube video 68028
INFO:root:gloss: computer, video: 69054.
WARNING:root:Skipping YouTube video 69054
INFO:root:gloss: computer, video: 12328.
INFO:root:12328 exists at raw_videos\12328.mp4
INFO:root:gloss: computer, video: 12329.
WARNING:root:Skipping YouTube video 12329
INFO:root:gloss: computer, video: 12330.
WARNING:root:Skipping YouTube video 12330
INFO:root:gloss: computer, video: 12312.
INFO:root:12312 exists at raw_videos\12312.mp4
INFO:root:gloss: computer, video: 12331.
WARNING:root:Skipping YouTube video 12331
INFO:root:gloss: computer, video: 12332.
WARNING:root:Skipping YouTube video 12332
INFO:root:gloss: computer, video: 12333.
WARNING:root:Skipping YouTube video 12333
INFO:root:gloss: computer, video: 12335.
WARNING:root:Skipping YouTube video 12335
INFO:root:gloss: computer, video: 12336.
WARNING:root:Skipping YouTube video 12336
INFO:root:gloss: computer, video: 12311.
INFO:root:12311 exists at raw_videos\12311.mp4
INFO:root:gloss: computer, video: 12337.
INFO:root:Requesting http://www.aslpro.com/main/c/computer.swf
ERROR:root:Unsuccessful downloading - video 12337
INFO:root:gloss: computer, video: 12338.
INFO:root:Requesting http://www.aslsearch.com/signs/videos/computer.mp4
ERROR:root:Unsuccessful downloading - video 12338
INFO:root:gloss: computer, video: 12313.
INFO:root:12313 exists at raw_videos\12313.mp4
INFO:root:gloss: computer, video: 12314.
INFO:root:12314 exists at raw_videos\12314.mp4
INFO:root:gloss: computer, video: 12315.
INFO:root:12315 exists at raw_videos\12315.mp4
INFO:root:gloss: computer, video: 12316.
INFO:root:12316 exists at raw_videos\12316.mp4
INFO:root:gloss: computer, video: 12317.
INFO:root:12317 exists at raw_videos\12317.mp4
INFO:root:gloss: computer, video: 12318.
INFO:root:12318 exists at raw_videos\12318.mp4
INFO:root:gloss: computer, video: 12319.
INFO:root:12319 exists at raw_videos\12319.mp4
INFO:root:gloss: computer, video: 12320.
INFO:root:12320 exists at raw_videos\12320.mp4
INFO:root:gloss: computer, video: 67519.
WARNING:root:Skipping YouTube video 67519
INFO:root:gloss: computer, video: 12321.
INFO:root:Requesting https://www.handspeak.com/word/c/computer-arm2.mp4
ERROR:root:Unsuccessful downloading - video 12321
INFO:root:gloss: computer, video: 12322.
INFO:root:Requesting https://www.handspeak.com/word/c/computer-arm.mp4
ERROR:root:Unsuccessful downloading - video 12322
INFO:root:gloss: computer, video: 12323.
INFO:root:Requesting https://www.handspeak.com/word/c/computer-head.mp4
ERROR:root:Unsuccessful downloading - video 12323
INFO:root:gloss: computer, video: 12324.
INFO:root:Requesting https://www.handspeak.com/word/c/computer-old2.mp4
ERROR:root:Unsuccessful downloading - video 12324
INFO:root:gloss: computer, video: 12326.
INFO:root:12326 exists at raw_videos\12326.mp4
INFO:root:gloss: computer, video: 12327.
INFO:root:12327 exists at raw_videos\12327.mp4
INFO:root:gloss: before, video: 05724.
WARNING:root:Skipping YouTube video 05724
INFO:root:gloss: before, video: 70348.
WARNING:root:Skipping YouTube video 70348
INFO:root:gloss: before, video: 68007.
WARNING:root:Skipping YouTube video 68007
INFO:root:gloss: before, video: 05744.
WARNING:root:Skipping YouTube video 05744
INFO:root:gloss: before, video: 05746.
WARNING:root:Skipping YouTube video 05746
INFO:root:gloss: before, video: 05728.
INFO:root:05728 exists at raw_videos\05728.mp4
INFO:root:gloss: before, video: 05747.
WARNING:root:Skipping YouTube video 05747
INFO:root:gloss: before, video: 05748.
INFO:root:Requesting http://www.aslpro.com/main/b/before.swf
ERROR:root:Unsuccessful downloading - video 05748
INFO:root:gloss: before, video: 05749.
INFO:root:Requesting http://www.aslsearch.com/signs/videos/before3.mp4
ERROR:root:Unsuccessful downloading - video 05749
INFO:root:gloss: before, video: 05750.
INFO:root:Requesting http://www.aslsearch.com/signs/videos/before.mp4
ERROR:root:Unsuccessful downloading - video 05750
INFO:root:gloss: before, video: 05729.
INFO:root:05729 exists at raw_videos\05729.mp4
INFO:root:gloss: before, video: 05730.
INFO:root:05730 exists at raw_videos\05730.mp4
INFO:root:gloss: before, video: 65167.
INFO:root:Requesting https://aslsignbank.haskins.yale.edu/dictionary/protected_media/glossvideo/ASL/BE/BEFORE-37.mp4
ERROR:root:Unsuccessful downloading - video 65167
INFO:root:gloss: before, video: 05731.
INFO:root:05731 exists at raw_videos\05731.mp4
INFO:root:gloss: before, video: 05732.
INFO:root:05732 exists at raw_videos\05732.mp4
INFO:root:gloss: before, video: 05733.
INFO:root:05733 exists at raw_videos\05733.mp4
INFO:root:gloss: before, video: 05734.
INFO:root:05734 exists at raw_videos\05734.mp4
INFO:root:gloss: before, video: 05735.
INFO:root:Requesting https://www.handspeak.com/word/b/before-long.mp4
ERROR:root:Unsuccessful downloading - video 05735
INFO:root:gloss: before, video: 05736.
INFO:root:Requesting https://www.handspeak.com/word/b/before.mp4
ERROR:root:Unsuccessful downloading - video 05736
INFO:root:gloss: before, video: 05727.
INFO:root:05727 exists at raw_videos\05727.mp4
INFO:root:gloss: before, video: 05737.
INFO:root:Requesting https://www.handspeak.com/word/b/before-past.mp4
ERROR:root:Unsuccessful downloading - video 05737
INFO:root:gloss: before, video: 05739.
INFO:root:05739 exists at raw_videos\05739.mp4
INFO:root:gloss: before, video: 05740.
INFO:root:05740 exists at raw_videos\05740.mp4
INFO:root:gloss: before, video: 05741.
INFO:root:05741 exists at raw_videos\05741.mp4
INFO:root:gloss: before, video: 05742.
INFO:root:05742 exists at raw_videos\05742.mp4
INFO:root:gloss: before, video: 05743.
INFO:root:05743 exists at raw_videos\05743.mp4
INFO:root:gloss: chair, video: 09847.
WARNING:root:Skipping YouTube video 09847
INFO:root:gloss: chair, video: 70230.
WARNING:root:Skipping YouTube video 70230
INFO:root:gloss: chair, video: 68580.
WARNING:root:Skipping YouTube video 68580
INFO:root:gloss: chair, video: 70263.
WARNING:root:Skipping YouTube video 70263
INFO:root:gloss: chair, video: 68019.
WARNING:root:Skipping YouTube video 68019
INFO:root:gloss: chair, video: 09865.
INFO:root:Requesting http://www.aslpro.com//main/c/chair_stacking.swf
ERROR:root:Unsuccessful downloading - video 09865
INFO:root:gloss: chair, video: 09866.
INFO:root:Requesting http://www.aslpro.com/main/c/chair.swf
ERROR:root:Unsuccessful downloading - video 09866
INFO:root:gloss: chair, video: 09848.
INFO:root:09848 exists at raw_videos\09848.mp4
INFO:root:gloss: chair, video: 09867.
INFO:root:Requesting http://www.aslpro.com//main/c/chair_wood.swf
ERROR:root:Unsuccessful downloading - video 09867
INFO:root:gloss: chair, video: 09869.
INFO:root:Requesting http://www.aslsearch.com/signs/videos/chair.mp4
ERROR:root:Unsuccessful downloading - video 09869
INFO:root:gloss: chair, video: 09849.
INFO:root:09849 exists at raw_videos\09849.mp4
INFO:root:gloss: chair, video: 09850.
INFO:root:09850 exists at raw_videos\09850.mp4
INFO:root:gloss: chair, video: 09851.
INFO:root:09851 exists at raw_videos\09851.mp4
INFO:root:gloss: chair, video: 65328.
INFO:root:Requesting https://aslsignbank.haskins.yale.edu/dictionary/protected_media/glossvideo/ASL/CH/CHAIR-378.mp4
ERROR:root:Unsuccessful downloading - video 65328
INFO:root:gloss: chair, video: 09853.
INFO:root:Requesting https://www.handspeak.com/word/c/chair.mp4
ERROR:root:Unsuccessful downloading - video 09853
INFO:root:gloss: chair, video: 09854.
INFO:root:09854 exists at raw_videos\09854.mp4
INFO:root:gloss: chair, video: 09855.
WARNING:root:Skipping YouTube video 09855
INFO:root:gloss: chair, video: 09856.
WARNING:root:Skipping YouTube video 09856
INFO:root:gloss: chair, video: 67483.
WARNING:root:Skipping YouTube video 67483
INFO:root:gloss: chair, video: 09857.
INFO:root:Requesting http://www.aslpro.com//main/c/chair_director.swf
ERROR:root:Unsuccessful downloading - video 09857
INFO:root:gloss: chair, video: 09858.
INFO:root:Requesting http://www.aslpro.com//main/c/chair_folding.swf
ERROR:root:Unsuccessful downloading - video 09858
INFO:root:gloss: chair, video: 09859.
INFO:root:Requesting http://www.aslpro.com//main/c/chair_lawn_folding.swf
ERROR:root:Unsuccessful downloading - video 09859
INFO:root:gloss: chair, video: 09860.
INFO:root:Requesting http://www.aslpro.com//main/c/chair_lawn.swf
ERROR:root:Unsuccessful downloading - video 09860
INFO:root:gloss: chair, video: 09861.
INFO:root:Requesting http://www.aslpro.com//main/c/chair_loveseat.swf
ERROR:root:Unsuccessful downloading - video 09861
INFO:root:gloss: chair, video: 09862.
INFO:root:Requesting http://www.aslpro.com//main/c/chair_recliner.swf
ERROR:root:Unsuccessful downloading - video 09862
INFO:root:gloss: chair, video: 09863.
INFO:root:Requesting http://www.aslpro.com//main/c/chair_rocking_1.swf
ERROR:root:Unsuccessful downloading - video 09863
INFO:root:gloss: go, video: 24857.
WARNING:root:Skipping YouTube video 24857
INFO:root:gloss: go, video: 69345.
INFO:root:69345 exists at raw_videos\69345.mp4
INFO:root:gloss: go, video: 68292.
WARNING:root:Skipping YouTube video 68292
INFO:root:gloss: go, video: 24955.
INFO:root:24955 exists at raw_videos\24955.mp4
INFO:root:gloss: go, video: 24956.
INFO:root:24956 exists at raw_videos\24956.mp4
INFO:root:gloss: go, video: 24941.
INFO:root:24941 exists at raw_videos\24941.mp4
INFO:root:gloss: go, video: 24960.
INFO:root:24960 exists at raw_videos\24960.mp4
INFO:root:gloss: go, video: 24961.
INFO:root:24961 exists at raw_videos\24961.mp4
INFO:root:gloss: go, video: 24962.
INFO:root:24962 exists at raw_videos\24962.mp4
INFO:root:gloss: go, video: 24965.
WARNING:root:Skipping YouTube video 24965
INFO:root:gloss: go, video: 24969.
WARNING:root:Skipping YouTube video 24969
INFO:root:gloss: go, video: 24970.
WARNING:root:Skipping YouTube video 24970
INFO:root:gloss: go, video: 24971.
WARNING:root:Skipping YouTube video 24971
INFO:root:gloss: go, video: 24972.
INFO:root:Requesting http://www.aslpro.com/main/g/go.swf
ERROR:root:Unsuccessful downloading - video 24972
INFO:root:gloss: go, video: 65824.
INFO:root:Requesting https://aslsignbank.haskins.yale.edu/dictionary/protected_media/glossvideo/ASL/GO/GO-469.mp4
ERROR:root:Unsuccessful downloading - video 65824
INFO:root:gloss: go, video: 24973.
INFO:root:Requesting http://www.aslsearch.com/signs/videos/go.mp4
ERROR:root:Unsuccessful downloading - video 24973
INFO:root:gloss: go, video: 24943.
INFO:root:24943 exists at raw_videos\24943.mp4
INFO:root:gloss: go, video: 24946.
INFO:root:24946 exists at raw_videos\24946.mp4
INFO:root:gloss: go, video: 24947.
INFO:root:24947 exists at raw_videos\24947.mp4
INFO:root:gloss: go, video: 24948.
INFO:root:Requesting https://www.handspeak.com/word/g/go.mp4
ERROR:root:Unsuccessful downloading - video 24948
INFO:root:gloss: go, video: 24940.
INFO:root:24940 exists at raw_videos\24940.mp4
INFO:root:gloss: go, video: 67715.
WARNING:root:Skipping YouTube video 67715
INFO:root:gloss: go, video: 24950.
INFO:root:Requesting https://www.handspeak.com/word/g/go-to2.mp4
ERROR:root:Unsuccessful downloading - video 24950
INFO:root:gloss: go, video: 24951.
INFO:root:Requesting https://www.handspeak.com/word/g/go-to.mp4
ERROR:root:Unsuccessful downloading - video 24951
INFO:root:gloss: go, video: 24952.
INFO:root:24952 exists at raw_videos\24952.mp4
INFO:root:gloss: go, video: 24954.
INFO:root:24954 exists at raw_videos\24954.mp4
INFO:root:gloss: clothes, video: 11305.
WARNING:root:Skipping YouTube video 11305
INFO:root:gloss: clothes, video: 68870.
WARNING:root:Skipping YouTube video 68870
INFO:root:gloss: clothes, video: 68024.
WARNING:root:Skipping YouTube video 68024
INFO:root:gloss: clothes, video: 11327.
INFO:root:Requesting http://www.aslpro.com//main/c/clothes.swf
ERROR:root:Unsuccessful downloading - video 11327
INFO:root:gloss: clothes, video: 11328.
INFO:root:Requesting http://www.aslpro.com//main/c/clothes_winter.swf
ERROR:root:Unsuccessful downloading - video 11328
INFO:root:gloss: clothes, video: 11310.
INFO:root:11310 exists at raw_videos\11310.mp4
INFO:root:gloss: clothes, video: 11329.
INFO:root:Requesting http://www.aslpro.com//main/c/clothes_womens.swf
ERROR:root:Unsuccessful downloading - video 11329
INFO:root:gloss: clothes, video: 11330.
INFO:root:Requesting http://www.aslsearch.com/signs/videos/clothes.mp4
ERROR:root:Unsuccessful downloading - video 11330
INFO:root:gloss: clothes, video: 11311.
INFO:root:11311 exists at raw_videos\11311.mp4
INFO:root:gloss: clothes, video: 11312.
INFO:root:Requesting https://www.handspeak.com/word/c/clothes.mp4
ERROR:root:Unsuccessful downloading - video 11312
INFO:root:gloss: clothes, video: 11313.
INFO:root:11313 exists at raw_videos\11313.mp4
INFO:root:gloss: clothes, video: 11314.
WARNING:root:Skipping YouTube video 11314
INFO:root:gloss: clothes, video: 11315.
WARNING:root:Skipping YouTube video 11315
INFO:root:gloss: clothes, video: 11309.
INFO:root:11309 exists at raw_videos\11309.mp4
INFO:root:gloss: clothes, video: 11316.
WARNING:root:Skipping YouTube video 11316
INFO:root:gloss: clothes, video: 11317.
INFO:root:Requesting http://www.aslpro.com//main/c/clothes_boys.swf
ERROR:root:Unsuccessful downloading - video 11317
INFO:root:gloss: clothes, video: 11318.
INFO:root:Requesting http://www.aslpro.com//main/c/clothes_designer.swf
ERROR:root:Unsuccessful downloading - video 11318
INFO:root:gloss: clothes, video: 11319.
INFO:root:Requesting http://www.aslpro.com//main/c/clothes_fall.swf
ERROR:root:Unsuccessful downloading - video 11319
INFO:root:gloss: clothes, video: 11320.
INFO:root:Requesting http://www.aslpro.com//main/c/clothes_girls.swf
ERROR:root:Unsuccessful downloading - video 11320
INFO:root:gloss: clothes, video: 11321.
INFO:root:Requesting http://www.aslpro.com//main/c/clothes_irregular.swf
ERROR:root:Unsuccessful downloading - video 11321
INFO:root:gloss: clothes, video: 11322.
INFO:root:Requesting http://www.aslpro.com//main/c/clothes_mens.swf
ERROR:root:Unsuccessful downloading - video 11322
INFO:root:gloss: clothes, video: 11323.
INFO:root:Requesting http://www.aslpro.com//main/c/clothes_petite.swf
ERROR:root:Unsuccessful downloading - video 11323
INFO:root:gloss: clothes, video: 11324.
INFO:root:Requesting http://www.aslpro.com//main/c/clothes_plus_size.swf
ERROR:root:Unsuccessful downloading - video 11324
INFO:root:gloss: clothes, video: 11325.
INFO:root:Requesting http://www.aslpro.com//main/c/clothes_spring.swf
ERROR:root:Unsuccessful downloading - video 11325
INFO:root:gloss: clothes, video: 11326.
INFO:root:Requesting http://www.aslpro.com//main/c/clothes_summer.swf
ERROR:root:Unsuccessful downloading - video 11326
INFO:root:gloss: who, video: 63219.
WARNING:root:Skipping YouTube video 63219
INFO:root:gloss: who, video: 69534.
INFO:root:69534 exists at raw_videos\69534.mp4
INFO:root:gloss: who, video: 68890.
WARNING:root:Skipping YouTube video 68890
INFO:root:gloss: who, video: 68183.
WARNING:root:Skipping YouTube video 68183
INFO:root:gloss: who, video: 63239.
WARNING:root:Skipping YouTube video 63239
INFO:root:gloss: who, video: 63240.
WARNING:root:Skipping YouTube video 63240
INFO:root:gloss: who, video: 63241.
INFO:root:Requesting http://www.aslpro.com/main/w/who.swf
ERROR:root:Unsuccessful downloading - video 63241
INFO:root:gloss: who, video: 63242.
INFO:root:Requesting http://www.aslsearch.com/signs/videos/who.mp4
ERROR:root:Unsuccessful downloading - video 63242
INFO:root:gloss: who, video: 63226.
INFO:root:63226 exists at raw_videos\63226.mp4
INFO:root:gloss: who, video: 63227.
INFO:root:63227 exists at raw_videos\63227.mp4
INFO:root:gloss: who, video: 63228.
INFO:root:63228 exists at raw_videos\63228.mp4
INFO:root:gloss: who, video: 63229.
INFO:root:63229 exists at raw_videos\63229.mp4
INFO:root:gloss: who, video: 63230.
INFO:root:63230 exists at raw_videos\63230.mp4
INFO:root:gloss: who, video: 63231.
INFO:root:63231 exists at raw_videos\63231.mp4
INFO:root:gloss: who, video: 66778.
INFO:root:Requesting https://aslsignbank.haskins.yale.edu/dictionary/protected_media/glossvideo/ASL/WH/WHO-1430.mp4
ERROR:root:Unsuccessful downloading - video 66778
INFO:root:gloss: who, video: 63232.
INFO:root:63232 exists at raw_videos\63232.mp4
INFO:root:gloss: who, video: 63233.
INFO:root:Requesting https://www.handspeak.com/word/w/who.mp4
ERROR:root:Unsuccessful downloading - video 63233
INFO:root:gloss: who, video: 63234.
INFO:root:Requesting https://www.handspeak.com/word/w/who-old.mp4
ERROR:root:Unsuccessful downloading - video 63234
INFO:root:gloss: who, video: 66779.
INFO:root:Requesting https://aslsignbank.haskins.yale.edu/dictionary/protected_media/glossvideo/ASL/WH/WHO-2236.mp4
ERROR:root:Unsuccessful downloading - video 66779
INFO:root:gloss: who, video: 66780.
INFO:root:Requesting https://aslsignbank.haskins.yale.edu/dictionary/protected_media/glossvideo/WH/WHO-2283.mp4
ERROR:root:Unsuccessful downloading - video 66780
INFO:root:gloss: who, video: 63225.
INFO:root:63225 exists at raw_videos\63225.mp4
INFO:root:gloss: who, video: 67066.
WARNING:root:Skipping YouTube video 67066
INFO:root:gloss: who, video: 63236.
INFO:root:63236 exists at raw_videos\63236.mp4
INFO:root:gloss: who, video: 63237.
INFO:root:63237 exists at raw_videos\63237.mp4
INFO:root:gloss: who, video: 63238.
WARNING:root:Skipping YouTube video 63238
INFO:root:gloss: candy, video: 08909.
WARNING:root:Skipping YouTube video 08909
INFO:root:gloss: candy, video: 68018.
WARNING:root:Skipping YouTube video 68018
INFO:root:gloss: candy, video: 70326.
WARNING:root:Skipping YouTube video 70326
INFO:root:gloss: candy, video: 68790.
WARNING:root:Skipping YouTube video 68790
INFO:root:gloss: candy, video: 08928.
INFO:root:Requesting http://www.aslpro.com/main/c/candy.swf
ERROR:root:Unsuccessful downloading - video 08928
INFO:root:gloss: candy, video: 08929.
INFO:root:Requesting http://www.aslsearch.com/signs/videos/candy.mp4
ERROR:root:Unsuccessful downloading - video 08929
INFO:root:gloss: candy, video: 08916.
INFO:root:08916 exists at raw_videos\08916.mp4
INFO:root:gloss: candy, video: 08917.
INFO:root:08917 exists at raw_videos\08917.mp4
INFO:root:gloss: candy, video: 08918.
INFO:root:08918 exists at raw_videos\08918.mp4
INFO:root:gloss: candy, video: 08919.
INFO:root:08919 exists at raw_videos\08919.mp4
INFO:root:gloss: candy, video: 08920.
INFO:root:08920 exists at raw_videos\08920.mp4
INFO:root:gloss: candy, video: 08921.
INFO:root:08921 exists at raw_videos\08921.mp4
INFO:root:gloss: candy, video: 08922.
INFO:root:Requesting https://www.handspeak.com/word/c/candy-sweet.mp4
ERROR:root:Unsuccessful downloading - video 08922
INFO:root:gloss: candy, video: 08923.
INFO:root:Requesting https://www.handspeak.com/word/c/candy-usa.mp4
ERROR:root:Unsuccessful downloading - video 08923
INFO:root:gloss: candy, video: 65298.
INFO:root:Requesting https://aslsignbank.haskins.yale.edu/dictionary/protected_media/glossvideo/ASL/CA/CANDY_1-66.mp4
ERROR:root:Unsuccessful downloading - video 65298
INFO:root:gloss: candy, video: 08924.
INFO:root:08924 exists at raw_videos\08924.mp4
INFO:root:gloss: candy, video: 65299.
INFO:root:Requesting https://aslsignbank.haskins.yale.edu/dictionary/protected_media/glossvideo/ASL/CA/CANDY_1-67.mp4
ERROR:root:Unsuccessful downloading - video 65299
INFO:root:gloss: candy, video: 65300.
INFO:root:Requesting https://aslsignbank.haskins.yale.edu/dictionary/protected_media/glossvideo/ASL/CA/CANDY_2-1014.mp4
ERROR:root:Unsuccessful downloading - video 65300
INFO:root:gloss: candy, video: 08915.
INFO:root:08915 exists at raw_videos\08915.mp4
INFO:root:gloss: candy, video: 67468.
WARNING:root:Skipping YouTube video 67468
INFO:root:gloss: candy, video: 67470.
WARNING:root:Skipping YouTube video 67470
INFO:root:gloss: candy, video: 08925.
INFO:root:08925 exists at raw_videos\08925.mp4
INFO:root:gloss: candy, video: 08926.
WARNING:root:Skipping YouTube video 08926
INFO:root:gloss: candy, video: 08927.
WARNING:root:Skipping YouTube video 08927
INFO:root:gloss: cousin, video: 65415.
INFO:root:Requesting https://aslsignbank.haskins.yale.edu/dictionary/protected_media/glossvideo/ASL/CO/COUSIN-1171.mp4
ERROR:root:Unsuccessful downloading - video 65415
INFO:root:gloss: cousin, video: 70332.
WARNING:root:Skipping YouTube video 70332
INFO:root:gloss: cousin, video: 68592.
WARNING:root:Skipping YouTube video 68592
INFO:root:gloss: cousin, video: 13647.
INFO:root:Requesting http://www.aslsearch.com/signs/videos/cousin3.mp4
ERROR:root:Unsuccessful downloading - video 13647
INFO:root:gloss: cousin, video: 13648.
INFO:root:Requesting http://www.aslsearch.com/signs/videos/cousin.mp4
ERROR:root:Unsuccessful downloading - video 13648
INFO:root:gloss: cousin, video: 13631.
INFO:root:13631 exists at raw_videos\13631.mp4
INFO:root:gloss: cousin, video: 13632.
INFO:root:13632 exists at raw_videos\13632.mp4
INFO:root:gloss: cousin, video: 13633.
INFO:root:13633 exists at raw_videos\13633.mp4
INFO:root:gloss: cousin, video: 13634.
INFO:root:13634 exists at raw_videos\13634.mp4
INFO:root:gloss: cousin, video: 13635.
INFO:root:13635 exists at raw_videos\13635.mp4
INFO:root:gloss: cousin, video: 13636.
INFO:root:13636 exists at raw_videos\13636.mp4
INFO:root:gloss: cousin, video: 13637.
INFO:root:Requesting https://www.handspeak.com/word/c/cousin-female.mp4
ERROR:root:Unsuccessful downloading - video 13637
INFO:root:gloss: cousin, video: 13638.
INFO:root:Requesting https://www.handspeak.com/word/c/cousin-male.mp4
ERROR:root:Unsuccessful downloading - video 13638
INFO:root:gloss: cousin, video: 13630.
INFO:root:13630 exists at raw_videos\13630.mp4
INFO:root:gloss: cousin, video: 13639.
INFO:root:Requesting https://www.handspeak.com/word/c/cousin.mp4
ERROR:root:Unsuccessful downloading - video 13639
INFO:root:gloss: cousin, video: 67535.
WARNING:root:Skipping YouTube video 67535
INFO:root:gloss: cousin, video: 13640.
INFO:root:13640 exists at raw_videos\13640.mp4
INFO:root:gloss: cousin, video: 13641.
INFO:root:13641 exists at raw_videos\13641.mp4
INFO:root:gloss: cousin, video: 13642.
INFO:root:13642 exists at raw_videos\13642.mp4
INFO:root:gloss: cousin, video: 13643.
WARNING:root:Skipping YouTube video 13643
INFO:root:gloss: cousin, video: 13644.
INFO:root:Requesting http://www.aslpro.com/main/c/cousin_female.swf
ERROR:root:Unsuccessful downloading - video 13644
INFO:root:gloss: cousin, video: 13645.
INFO:root:Requesting http://www.aslpro.com/main/c/cousin_male.swf
ERROR:root:Unsuccessful downloading - video 13645
INFO:root:gloss: cousin, video: 13646.
INFO:root:Requesting http://www.aslsearch.com/signs/videos/cousin2.mp4
ERROR:root:Unsuccessful downloading - video 13646
INFO:root:gloss: deaf, video: 14855.
WARNING:root:Skipping YouTube video 14855
INFO:root:gloss: deaf, video: 70015.
WARNING:root:Skipping YouTube video 70015
INFO:root:gloss: deaf, video: 68586.
WARNING:root:Skipping YouTube video 68586
INFO:root:gloss: deaf, video: 68033.
WARNING:root:Skipping YouTube video 68033
INFO:root:gloss: deaf, video: 14899.
WARNING:root:Skipping YouTube video 14899
INFO:root:gloss: deaf, video: 14900.
WARNING:root:Skipping YouTube video 14900
INFO:root:gloss: deaf, video: 14882.
INFO:root:14882 exists at raw_videos\14882.mp4
INFO:root:gloss: deaf, video: 14901.
INFO:root:Requesting http://www.aslpro.com/main/d/deaf_1.swf
ERROR:root:Unsuccessful downloading - video 14901
INFO:root:gloss: deaf, video: 14903.
INFO:root:Requesting http://www.aslsearch.com/signs/videos/deaf.mp4
ERROR:root:Unsuccessful downloading - video 14903
INFO:root:gloss: deaf, video: 14883.
INFO:root:14883 exists at raw_videos\14883.mp4
INFO:root:gloss: deaf, video: 14884.
INFO:root:14884 exists at raw_videos\14884.mp4
INFO:root:gloss: deaf, video: 14885.
INFO:root:14885 exists at raw_videos\14885.mp4
INFO:root:gloss: deaf, video: 14886.
INFO:root:14886 exists at raw_videos\14886.mp4
INFO:root:gloss: deaf, video: 65445.
INFO:root:Requesting https://aslsignbank.haskins.yale.edu/dictionary/protected_media/glossvideo/ASL/DE/DEAF-103.mp4
ERROR:root:Unsuccessful downloading - video 65445
INFO:root:gloss: deaf, video: 14887.
INFO:root:14887 exists at raw_videos\14887.mp4
INFO:root:gloss: deaf, video: 14888.
INFO:root:14888 exists at raw_videos\14888.mp4
INFO:root:gloss: deaf, video: 14889.
INFO:root:Requesting https://www.handspeak.com/word/d/deaf2.mp4
ERROR:root:Unsuccessful downloading - video 14889
INFO:root:gloss: deaf, video: 14891.
INFO:root:Requesting https://www.handspeak.com/word/d/deaf.mp4
ERROR:root:Unsuccessful downloading - video 14891
INFO:root:gloss: deaf, video: 14893.
INFO:root:14893 exists at raw_videos\14893.mp4
INFO:root:gloss: deaf, video: 14894.
INFO:root:14894 exists at raw_videos\14894.mp4
INFO:root:gloss: deaf, video: 14895.
WARNING:root:Skipping YouTube video 14895
INFO:root:gloss: deaf, video: 14896.
WARNING:root:Skipping YouTube video 14896
INFO:root:gloss: deaf, video: 14898.
WARNING:root:Skipping YouTube video 14898
INFO:root:gloss: fine, video: 65717.
INFO:root:Requesting https://aslsignbank.haskins.yale.edu/dictionary/protected_media/glossvideo/ASL/FI/FINE-455.mp4
ERROR:root:Unsuccessful downloading - video 65717
INFO:root:gloss: fine, video: 70234.
WARNING:root:Skipping YouTube video 70234
INFO:root:gloss: fine, video: 68048.
WARNING:root:Skipping YouTube video 68048
INFO:root:gloss: fine, video: 21885.
WARNING:root:Skipping YouTube video 21885
INFO:root:gloss: fine, video: 21886.
WARNING:root:Skipping YouTube video 21886
INFO:root:gloss: fine, video: 21887.
WARNING:root:Skipping YouTube video 21887
INFO:root:gloss: fine, video: 21888.
INFO:root:Requesting http://www.aslpro.com/main/f/fine.swf
ERROR:root:Unsuccessful downloading - video 21888
INFO:root:gloss: fine, video: 21870.
INFO:root:21870 exists at raw_videos\21870.mp4
INFO:root:gloss: fine, video: 21889.
INFO:root:Requesting http://www.aslpro.com//main/f/fine_ticket.swf
ERROR:root:Unsuccessful downloading - video 21889
INFO:root:gloss: fine, video: 21890.
INFO:root:Requesting http://www.aslsearch.com/signs/videos/cost.mp4
ERROR:root:Unsuccessful downloading - video 21890
INFO:root:gloss: fine, video: 21891.
INFO:root:Requesting http://www.aslsearch.com/signs/videos/fine.mp4
ERROR:root:Unsuccessful downloading - video 21891
INFO:root:gloss: fine, video: 21871.
INFO:root:21871 exists at raw_videos\21871.mp4
INFO:root:gloss: fine, video: 21872.
INFO:root:21872 exists at raw_videos\21872.mp4
INFO:root:gloss: fine, video: 21869.
INFO:root:21869 exists at raw_videos\21869.mp4
INFO:root:gloss: fine, video: 21874.
INFO:root:21874 exists at raw_videos\21874.mp4
INFO:root:gloss: fine, video: 21875.
INFO:root:Requesting https://www.handspeak.com/word/f/fine-charge.mp4
ERROR:root:Unsuccessful downloading - video 21875
INFO:root:gloss: fine, video: 21876.
INFO:root:Requesting https://www.handspeak.com/word/f/fine-good2.mp4
ERROR:root:Unsuccessful downloading - video 21876
INFO:root:gloss: fine, video: 21878.
INFO:root:21878 exists at raw_videos\21878.mp4
INFO:root:gloss: fine, video: 67660.
WARNING:root:Skipping YouTube video 67660
INFO:root:gloss: fine, video: 67659.
WARNING:root:Skipping YouTube video 67659
INFO:root:gloss: fine, video: 21883.
INFO:root:21883 exists at raw_videos\21883.mp4
INFO:root:gloss: fine, video: 21884.
WARNING:root:Skipping YouTube video 21884
INFO:root:gloss: help, video: 27194.
WARNING:root:Skipping YouTube video 27194
INFO:root:gloss: help, video: 69364.
INFO:root:69364 exists at raw_videos\69364.mp4
INFO:root:gloss: help, video: 27219.
WARNING:root:Skipping YouTube video 27219
INFO:root:gloss: help, video: 27220.
INFO:root:Requesting http://www.aslpro.com/main/h/help.swf
ERROR:root:Unsuccessful downloading - video 27220
INFO:root:gloss: help, video: 27221.
INFO:root:Requesting http://www.aslsearch.com/signs/videos/help.mp4
ERROR:root:Unsuccessful downloading - video 27221
INFO:root:gloss: help, video: 27206.
INFO:root:27206 exists at raw_videos\27206.mp4
INFO:root:gloss: help, video: 27207.
INFO:root:27207 exists at raw_videos\27207.mp4
INFO:root:gloss: help, video: 27208.
INFO:root:27208 exists at raw_videos\27208.mp4
INFO:root:gloss: help, video: 27209.
INFO:root:27209 exists at raw_videos\27209.mp4
INFO:root:gloss: help, video: 27210.
INFO:root:Requesting https://www.handspeak.com/word/h/help2.mp4
ERROR:root:Unsuccessful downloading - video 27210
INFO:root:gloss: help, video: 27211.
INFO:root:Requesting https://www.handspeak.com/word/h/help-me.mp4
ERROR:root:Unsuccessful downloading - video 27211
INFO:root:gloss: help, video: 27212.
INFO:root:Requesting https://www.handspeak.com/word/h/help.mp4
ERROR:root:Unsuccessful downloading - video 27212
INFO:root:gloss: help, video: 65890.
INFO:root:Requesting https://aslsignbank.haskins.yale.edu/dictionary/protected_media/glossvideo/ASL/HE/HELP-2562.mp4
ERROR:root:Unsuccessful downloading - video 65890
INFO:root:gloss: help, video: 27213.
INFO:root:27213 exists at raw_videos\27213.mp4
INFO:root:gloss: help, video: 27214.
INFO:root:27214 exists at raw_videos\27214.mp4
INFO:root:gloss: help, video: 65891.
INFO:root:Requesting https://aslsignbank.haskins.yale.edu/dictionary/protected_media/glossvideo/ASL/HE/HELP-2563.mp4
ERROR:root:Unsuccessful downloading - video 65891
INFO:root:gloss: help, video: 65889.
INFO:root:Requesting https://aslsignbank.haskins.yale.edu/dictionary/protected_media/glossvideo/ASL/HE/HELP-483.mp4
ERROR:root:Unsuccessful downloading - video 65889
INFO:root:gloss: help, video: 67757.
WARNING:root:Skipping YouTube video 67757
INFO:root:gloss: help, video: 27215.
INFO:root:27215 exists at raw_videos\27215.mp4
INFO:root:gloss: help, video: 27216.
INFO:root:27216 exists at raw_videos\27216.mp4
INFO:root:gloss: help, video: 27217.
INFO:root:27217 exists at raw_videos\27217.mp4
INFO:root:gloss: help, video: 27218.
WARNING:root:Skipping YouTube video 27218
INFO:root:gloss: no, video: 38482.
WARNING:root:Skipping YouTube video 38482
INFO:root:gloss: no, video: 69411.
INFO:root:69411 exists at raw_videos\69411.mp4
INFO:root:gloss: no, video: 68110.
WARNING:root:Skipping YouTube video 68110
INFO:root:gloss: no, video: 68406.
WARNING:root:Skipping YouTube video 68406
INFO:root:gloss: no, video: 38539.
WARNING:root:Skipping YouTube video 38539
INFO:root:gloss: no, video: 38540.
WARNING:root:Skipping YouTube video 38540
INFO:root:gloss: no, video: 38541.
WARNING:root:Skipping YouTube video 38541
INFO:root:gloss: no, video: 38542.
INFO:root:Requesting http://www.aslpro.com/main/n/no.swf
ERROR:root:Unsuccessful downloading - video 38542
INFO:root:gloss: no, video: 38525.
INFO:root:38525 exists at raw_videos\38525.mp4
INFO:root:gloss: no, video: 38544.
INFO:root:Requesting http://www.aslsearch.com/signs/videos/no.mp4
ERROR:root:Unsuccessful downloading - video 38544
INFO:root:gloss: no, video: 38527.
INFO:root:38527 exists at raw_videos\38527.mp4
INFO:root:gloss: no, video: 38529.
INFO:root:38529 exists at raw_videos\38529.mp4
INFO:root:gloss: no, video: 38530.
INFO:root:38530 exists at raw_videos\38530.mp4
INFO:root:gloss: no, video: 38531.
INFO:root:Requesting https://www.handspeak.com/word/n/no.mp4
ERROR:root:Unsuccessful downloading - video 38531
INFO:root:gloss: no, video: 38532.
INFO:root:38532 exists at raw_videos\38532.mp4
INFO:root:gloss: no, video: 38533.
INFO:root:38533 exists at raw_videos\38533.mp4
INFO:root:gloss: no, video: 66183.
INFO:root:Requesting https://aslsignbank.haskins.yale.edu/dictionary/protected_media/glossvideo/ASL/NO/NO-512.mp4
ERROR:root:Unsuccessful downloading - video 66183
INFO:root:gloss: no, video: 38524.
INFO:root:38524 exists at raw_videos\38524.mp4
INFO:root:gloss: no, video: 67934.
WARNING:root:Skipping YouTube video 67934
INFO:root:gloss: no, video: 38534.
INFO:root:38534 exists at raw_videos\38534.mp4
INFO:root:gloss: no, video: 38536.
WARNING:root:Skipping YouTube video 38536
INFO:root:gloss: no, video: 38538.
WARNING:root:Skipping YouTube video 38538
INFO:root:gloss: thin, video: 57919.
WARNING:root:Skipping YouTube video 57919
INFO:root:gloss: thin, video: 57948.
INFO:root:57948 exists at raw_videos\57948.mp4
INFO:root:gloss: thin, video: 57949.
INFO:root:57949 exists at raw_videos\57949.mp4
INFO:root:gloss: thin, video: 57950.
WARNING:root:Skipping YouTube video 57950
INFO:root:gloss: thin, video: 57952.
INFO:root:Requesting http://www.aslpro.com/main/t/thin.swf
ERROR:root:Unsuccessful downloading - video 57952
INFO:root:gloss: thin, video: 57934.
INFO:root:57934 exists at raw_videos\57934.mp4
INFO:root:gloss: thin, video: 57953.
INFO:root:Requesting http://www.aslsearch.com/signs/videos/skinny.mp4
